<?xml version="1.0" encoding="UTF-8"?>
<!-- Generated by org.testng.reporters.JUnitReportReporter -->
<testsuite skipped="0" hostname="Sanjus-MacBook-Air.local" name="com.ict.springboot.service.IRCTCServiceTest" tests="4" failures="0" timestamp="2020-10-13T00:06:27 IST" time="0.045" errors="0">
  <testcase name="testreservationRequest" time="0.034" classname="com.ict.springboot.service.IRCTCServiceTest"/>
  <system-out/>
  <testcase name="testreservationRequestFail" time="0.003" classname="com.ict.springboot.service.IRCTCServiceTest"/>
  <system-out/>
  <testcase name="testvalidateFromToCity" time="0.006" classname="com.ict.springboot.service.IRCTCServiceTest"/>
  <system-out/>
  <testcase name="testvalidateUser" time="0.002" classname="com.ict.springboot.service.IRCTCServiceTest"/>
  <system-out/>
</testsuite> <!-- com.ict.springboot.service.IRCTCServiceTest -->
