<?xml version="1.0" encoding="UTF-8"?>
<!-- Generated by org.testng.reporters.JUnitReportReporter -->
<testsuite skipped="0" hostname="Sanjus-MacBook-Air.local" name="com.ict.springboot.selenium.ReservationPage" tests="8" failures="0" timestamp="2020-10-20T20:17:57 IST" time="18.316" errors="0">
  <testcase name="test6ConfirmationForm" time="2.782" classname="com.ict.springboot.selenium.ReservationPage"/>
  <system-out/>
  <testcase name="test8reservationFormErrorpage" time="2.784" classname="com.ict.springboot.selenium.ReservationPage"/>
  <system-out/>
  <testcase name="test7reservationFormEmptyFormSubmit" time="1.958" classname="com.ict.springboot.selenium.ReservationPage"/>
  <system-out/>
  <testcase name="test5fillReservationForm" time="2.600" classname="com.ict.springboot.selenium.ReservationPage"/>
  <system-out/>
  <testcase name="test3reservationPageHeading" time="2.062" classname="com.ict.springboot.selenium.ReservationPage"/>
  <system-out/>
  <testcase name="test4reservationPageFieldsType" time="2.675" classname="com.ict.springboot.selenium.ReservationPage"/>
  <system-out/>
  <testcase name="test1headingsPresent" time="1.722" classname="com.ict.springboot.selenium.ReservationPage"/>
  <system-out/>
  <testcase name="test2linksOnHomepage" time="1.733" classname="com.ict.springboot.selenium.ReservationPage"/>
  <system-out/>
</testsuite> <!-- com.ict.springboot.selenium.ReservationPage -->
